[bounceinfinity.com/index.html]
[bounceinfinity.com/favicon.png]
[bounceinfinity.com/logo.png]
[bounceinfinity.com/manifest.json]
[backblue.gif]
[fade.gif]
[index.html]
[bounceinfinity.com/og.png]
[bounceinfinity.com/static/js/main.cd912422.js]
[bounceinfinity.com/index.html]
[bounceinfinity.com/static/css/main.527e0d3b.css]
[bounceinfinity.com/static/media/GothamRounded-Book.1e2eac8ad783960d60fa.otf]
[bounceinfinity.com/static/media/GothamRounded-Bold.a829ff15fe2b18d9330b.otf]
[bounceinfinity.com/static/media/GothamRounded-Medium.10d88929ec344e9ef796.otf]
[bounceinfinity.com/static/media/right.8d26a2a4b000f2aa5f22.svg]
[bounceinfinity.com/static/media/animation1.c0eb1d06b6a5e2e9b4da.png]
[bounceinfinity.com/static/media/design.1259fc3bcafbd146c764.png]
[bounceinfinity.com/static/media/design.9a81008c4078e8764a2c.png]
[bounceinfinity.com/static/media/intelligence.d4dfc65899ce3aff977a.png]
[bounceinfinity.com/static/media/intelligence.d82e7d1e6008f549e467.png]
[bounceinfinity.com/static/media/performance.022fa6b4fb36a271dec4.png]
[bounceinfinity.com/static/media/performance.62979c0a3dc687ac8cb8.png]
[bounceinfinity.com/static/media/ownership.ef32b6e7b40d11a8e394.png]
[bounceinfinity.com/static/media/ownership.85741171dec991b3f72b.png]
[bounceinfinity.com/static/media/subscribe.8f19401ff050c51c0f12.png]
[bounceinfinity.com/static/media/subscribe.faa9b7fca3c713b99bb7.jpg]
[bounceinfinity.com/static/media/bike_black_desktop.2c0c7cf77bda42cf6935.png]
[bounceinfinity.com/static/media/bike_gray_desktop.c110edfe0590f721363c.png]
[bounceinfinity.com/static/media/bike_red_desktop.1d51704aaf9e7a0f2473.png]
[bounceinfinity.com/static/media/bike_white_desktop.c0659e92c918ce44a938.png]
[bounceinfinity.com/static/media/bike_silver_desktop.ddd70384c32150e9ef93.png]
[bounceinfinity.com/static/media/bike_customized.b550cef9350657d3a8d9.png]
[bounceinfinity.com/static/media/img_blue_bike.3c58fec69f96ecc62bad.png]
[bounceinfinity.com/static/media/new_dealer_bike.431db5f49e610fd91209.png]
[bounceinfinity.com/static/media/black_desktop_le.9ade22b489eb69f11bf4.png]
[bounceinfinity.com/static/media/grey_desktop_le.a85a329843429eedd89a.png]
[bounceinfinity.com/static/media/red_desktop_le.51b853cb11e3286ea320.png]
[bounceinfinity.com/static/media/whit_desktop_le.01b50b7f4d32bd9478a3.png]
[bounceinfinity.com/static/media/silver_desktop_le.e36ef0a6202c54703334.png]
[bounceinfinity.com/static/media/black_desk_plus.8f75bba6738f3094f73c.png]
[bounceinfinity.com/static/media/grey_desk_plus.82538d683494e2a644b8.png]
[bounceinfinity.com/static/media/red_desk_plus.f4860c84ff336399b486.png]
[bounceinfinity.com/static/media/white_desk_plus.8cefea074adf930ded91.png]
[bounceinfinity.com/static/media/rock_desk_plus.f65b95cd9c52e47cd032.png]
[bounceinfinity.com/static/media/green_desk_plus.665cb798189f4524ccb4.png]
[bounceinfinity.com/static/media/blue_desk_plus.99c1bc362abbe3a7b8f6.png]
[bounceinfinity.com/static/media/yellow_desk_plus.16ed01c1e9e8e1ac4bb0.png]
[bounceinfinity.com/static/media/bike_black_mobile.c70bf0a62e5f96fcdfcd.png]
[bounceinfinity.com/static/media/black_mobile_le.3a54d813acff0e75c533.png]
[bounceinfinity.com/static/media/bike_gray_mobile.ac1928d83462391a9f6d.png]
[bounceinfinity.com/static/media/grey_mobile_le.e5bc8f9273629ec0b503.png]
[bounceinfinity.com/static/media/bike_red_mobile.822faa44b9942ed026e8.png]
[bounceinfinity.com/static/media/red_mobile_le.fff87a2298a5c2c72106.png]
[bounceinfinity.com/static/media/bike_white_mobile.cb0b9b1becb1d38a7cee.png]
[bounceinfinity.com/static/media/white_mobile_le.2f7a42cee474b8849011.png]
[bounceinfinity.com/static/media/bike_silver_mobile.d85c344469c76e620b10.png]
[bounceinfinity.com/static/media/mob_blue_bike.5b0674fc2dce5568c305.png]
[bounceinfinity.com/static/media/mobile_dealer.98f34129fad902ad2bee.png]
[bounceinfinity.com/static/media/silver_mobile_le.fd0d475edf617bb55279.png]
[bounceinfinity.com/static/media/black_mobile_plus.295462234731177b143a.png]
[bounceinfinity.com/static/media/grey_mobile_plus.94c17d03b6c173521a2d.png]
[bounceinfinity.com/static/media/red_mobile_plus.2e112caebd66104e8022.png]
[bounceinfinity.com/static/media/white_mobile_plus.7f3a749a19a888431977.png]
[bounceinfinity.com/static/media/rock_mobile_plus.828b6e8ba88fcf477162.png]
[bounceinfinity.com/static/media/green_mobile_plus.0ae7ff89444861f4b25b.png]
[bounceinfinity.com/static/media/blue_mobile_plus.14df57cf4d2e4e6acb54.png]
[bounceinfinity.com/static/media/yellow_mobile_plus.7168deee23252adc5624.png]
[bounceinfinity.com/static/media/cong.08d1bce879623bbed020.png]
[bounceinfinity.com/static/media/designbg1.ce103079c31aa994d02b.png]
[bounceinfinity.com/static/media/designmbg1.551f75f9eba7abe4ec5c.png]
[bounceinfinity.com/static/media/customisationbg1.541d6e9dee35ecc4bee1.png]
[bounceinfinity.com/static/media/customisationmbg1.33f3a7c80c2a4b24c329.png]
[bounceinfinity.com/static/css/main.527e0d3b.css]
[bounceinfinity.com/static/media/right.8d26a2a4b000f2aa5f22.svg]
